<?xml version="1.0" encoding="UTF-8"?>
<testng-results skipped="0" failed="0" ignored="0" total="1" passed="1">
  <reporter-output>
  </reporter-output>
  <suite name="Amazon App running on Firefox Browser" duration-ms="239397" started-at="2017-03-24T23:40:17Z" finished-at="2017-03-24T23:44:16Z">
    <groups>
    </groups>
    <test name="Home Page" duration-ms="239397" started-at="2017-03-24T23:40:17Z" finished-at="2017-03-24T23:44:16Z">
      <class name="search.ItemSearch">
        <test-method status="PASS" signature="setUp(java.lang.String)[pri:0, instance:search.ItemSearch@27efef64]" name="setUp" is-config="true" duration-ms="14887" started-at="2017-03-24T19:40:17Z" finished-at="2017-03-24T19:40:32Z">
          <params>
            <param index="0">
              <value>
                <![CDATA[http://www.amazon.com]]>
              </value>
            </param>
          </params>
          <reporter-output>
          </reporter-output>
        </test-method> <!-- setUp -->
        <test-method status="PASS" signature="dropDownSearch()[pri:0, instance:search.ItemSearch@27efef64]" name="dropDownSearch" duration-ms="221992" started-at="2017-03-24T19:40:32Z" finished-at="2017-03-24T19:44:14Z">
          <reporter-output>
          </reporter-output>
        </test-method> <!-- dropDownSearch -->
        <test-method status="PASS" signature="cleanUp()[pri:0, instance:search.ItemSearch@27efef64]" name="cleanUp" is-config="true" duration-ms="2482" started-at="2017-03-24T19:44:14Z" finished-at="2017-03-24T19:44:16Z">
          <reporter-output>
          </reporter-output>
        </test-method> <!-- cleanUp -->
      </class> <!-- search.ItemSearch -->
    </test> <!-- Home Page -->
  </suite> <!-- Amazon App running on Firefox Browser -->
</testng-results>
