<?xml version="1.0" encoding="UTF-8"?>
<testng-results skipped="0" failed="0" ignored="0" total="1" passed="1">
  <reporter-output>
  </reporter-output>
  <suite name="Cnn App running on Firefox Browser" duration-ms="65036" started-at="2017-03-24T23:08:11Z" finished-at="2017-03-24T23:09:16Z">
    <groups>
    </groups>
    <test name="Home Page" duration-ms="65036" started-at="2017-03-24T23:08:11Z" finished-at="2017-03-24T23:09:16Z">
      <class name="news.Search">
        <test-method status="PASS" signature="setUp(java.lang.String)[pri:0, instance:news.Search@27efef64]" name="setUp" is-config="true" duration-ms="40326" started-at="2017-03-24T19:08:11Z" finished-at="2017-03-24T19:08:52Z">
          <params>
            <param index="0">
              <value>
                <![CDATA[http://www.cnn.com]]>
              </value>
            </param>
          </params>
          <reporter-output>
          </reporter-output>
        </test-method> <!-- setUp -->
        <test-method status="PASS" signature="searchNews()[pri:0, instance:news.Search@27efef64]" name="searchNews" duration-ms="21422" started-at="2017-03-24T19:08:52Z" finished-at="2017-03-24T19:09:13Z">
          <reporter-output>
          </reporter-output>
        </test-method> <!-- searchNews -->
        <test-method status="PASS" signature="cleanUp()[pri:0, instance:news.Search@27efef64]" name="cleanUp" is-config="true" duration-ms="3240" started-at="2017-03-24T19:09:13Z" finished-at="2017-03-24T19:09:16Z">
          <reporter-output>
          </reporter-output>
        </test-method> <!-- cleanUp -->
      </class> <!-- news.Search -->
    </test> <!-- Home Page -->
  </suite> <!-- Cnn App running on Firefox Browser -->
</testng-results>
